{"level":"info","message":{"__v":0,"_id":"64b51b0555e0f81ef70fc5da","email":"adigb92@hotmail.com","gender":"male","genreChoice":"Techno","isAdmin":true,"name":"adi gabay","phoneNumber":"0526534339","time":"2023-09-06T14:21:33.205Z"},"timestamp":"2023-09-10T09:19:39.507Z"}
{"level":"info","message":{"__v":0,"_id":"64b51b0555e0f81ef70fc5da","email":"adigb92@hotmail.com","gender":"male","genreChoice":"Techno","isAdmin":true,"name":"adi gabay","phoneNumber":"0526534339","time":"2023-09-06T14:21:33.205Z"},"timestamp":"2023-09-10T09:19:39.515Z"}
{"level":"info","message":{"__v":0,"_id":"64b51b0555e0f81ef70fc5da","email":"adigb92@hotmail.com","gender":"male","genreChoice":"Techno","isAdmin":true,"name":"adi gabay","phoneNumber":"0526534339","time":"2023-09-06T14:21:33.205Z"},"timestamp":"2023-09-10T09:29:25.977Z"}
{"level":"info","message":{"__v":0,"_id":"64b51b0555e0f81ef70fc5da","email":"adigb92@hotmail.com","gender":"male","genreChoice":"Techno","isAdmin":true,"name":"adi gabay","phoneNumber":"0526534339","time":"2023-09-06T14:21:33.205Z"},"timestamp":"2023-09-10T09:29:25.989Z"}
{"level":"info","message":{"__v":0,"_id":"64b51b0555e0f81ef70fc5da","email":"adigb92@hotmail.com","gender":"male","genreChoice":"Techno","isAdmin":true,"name":"adi gabay","phoneNumber":"0526534339","time":"2023-09-06T14:21:33.205Z"},"timestamp":"2023-09-10T10:09:27.498Z"}
{"level":"info","message":{"__v":0,"_id":"64b51b0555e0f81ef70fc5da","email":"adigb92@hotmail.com","gender":"male","genreChoice":"Techno","isAdmin":true,"name":"adi gabay","phoneNumber":"0526534339","time":"2023-09-06T14:21:33.205Z"},"timestamp":"2023-09-10T10:09:27.505Z"}
{"level":"info","message":null,"timestamp":"2023-09-10T10:16:32.891Z"}
{"level":"info","message":{"__v":0,"_id":"64b51b0555e0f81ef70fc5da","email":"adigb92@hotmail.com","gender":"male","genreChoice":"Techno","isAdmin":true,"name":"adi gabay","phoneNumber":"0526534339","time":"2023-09-06T14:21:33.205Z"},"timestamp":"2023-09-10T10:16:34.557Z"}
{"level":"info","message":{"__v":0,"_id":"64b51b0555e0f81ef70fc5da","email":"adigb92@hotmail.com","gender":"male","genreChoice":"Techno","isAdmin":true,"name":"adi gabay","phoneNumber":"0526534339","time":"2023-09-06T14:21:33.205Z"},"timestamp":"2023-09-10T10:16:34.565Z"}
{"level":"info","message":{"__v":0,"_id":"64be57b3972dd23da97d0bc3","email":"gital@mail.com","gender":"female","genreChoice":"80s","isAdmin":false,"name":"gital","phoneNumber":"0525557313","time":"2023-07-26T16:51:54.487Z"},"timestamp":"2023-09-10T10:17:57.819Z"}
{"level":"info","message":{"__v":0,"_id":"64be57b3972dd23da97d0bc3","email":"gital@mail.com","gender":"female","genreChoice":"80s","isAdmin":false,"name":"gital","phoneNumber":"0525557313","time":"2023-07-26T16:51:54.487Z"},"timestamp":"2023-09-10T10:17:57.821Z"}
{"level":"info","message":"Updated user gital with genre choice Hip-hop at time Sun Sep 10 2023 13:18:30 GMT+0300 (Israel Daylight Time)","timestamp":"2023-09-10T10:18:30.206Z"}
{"level":"info","message":"Updated user gital with genre choice Latin at time Sun Sep 10 2023 13:21:08 GMT+0300 (Israel Daylight Time)","timestamp":"2023-09-10T10:21:08.187Z"}
{"level":"info","message":null,"timestamp":"2023-09-10T10:38:43.745Z"}
{"level":"info","message":{"__v":0,"_id":"64be57b3972dd23da97d0bc3","email":"gital@mail.com","gender":"female","genreChoice":"Latin","isAdmin":false,"name":"gital","phoneNumber":"0525557313","time":"2023-09-10T10:21:08.185Z"},"timestamp":"2023-09-10T10:38:49.915Z"}
{"level":"info","message":{"__v":0,"_id":"64be57b3972dd23da97d0bc3","email":"gital@mail.com","gender":"female","genreChoice":"Latin","isAdmin":false,"name":"gital","phoneNumber":"0525557313","time":"2023-09-10T10:21:08.185Z"},"timestamp":"2023-09-10T10:38:49.918Z"}
{"level":"info","message":"Updated user gital with genre choice Latin at time Sun Sep 10 2023 13:38:56 GMT+0300 (Israel Daylight Time)","timestamp":"2023-09-10T10:38:56.285Z"}
{"level":"info","message":{"__v":0,"_id":"64be57b3972dd23da97d0bc3","email":"gital@mail.com","gender":"female","genreChoice":"Latin","isAdmin":false,"name":"gital","phoneNumber":"0525557313","time":"2023-09-10T10:38:56.281Z"},"timestamp":"2023-09-10T10:39:54.753Z"}
{"level":"info","message":{"__v":0,"_id":"64be57b3972dd23da97d0bc3","email":"gital@mail.com","gender":"female","genreChoice":"Latin","isAdmin":false,"name":"gital","phoneNumber":"0525557313","time":"2023-09-10T10:38:56.281Z"},"timestamp":"2023-09-10T10:39:54.765Z"}
{"level":"info","message":"Updated user gital with genre choice Trance at time Sun Sep 10 2023 13:39:57 GMT+0300 (Israel Daylight Time)","timestamp":"2023-09-10T10:39:57.764Z"}
{"level":"info","message":null,"timestamp":"2023-09-10T10:44:11.416Z"}
{"level":"info","message":null,"timestamp":"2023-09-10T10:44:17.020Z"}
{"level":"info","message":{"__v":0,"_id":"64be57b3972dd23da97d0bc3","email":"gital@mail.com","gender":"female","genreChoice":"Trance","isAdmin":false,"name":"gital","phoneNumber":"0525557313","time":"2023-09-10T10:39:57.760Z"},"timestamp":"2023-09-10T10:44:20.445Z"}
{"level":"info","message":{"__v":0,"_id":"64be57b3972dd23da97d0bc3","email":"gital@mail.com","gender":"female","genreChoice":"Trance","isAdmin":false,"name":"gital","phoneNumber":"0525557313","time":"2023-09-10T10:39:57.760Z"},"timestamp":"2023-09-10T10:44:20.453Z"}
{"level":"info","message":"Updated user gital with genre choice Techno at time Sun Sep 10 2023 13:44:30 GMT+0300 (Israel Daylight Time)","timestamp":"2023-09-10T10:44:30.169Z"}
{"level":"info","message":{"__v":0,"_id":"64be57b3972dd23da97d0bc3","email":"gital@mail.com","gender":"female","genreChoice":"Techno","isAdmin":false,"name":"gital","phoneNumber":"0525557313","time":"2023-09-10T10:44:30.166Z"},"timestamp":"2023-09-10T10:59:17.418Z"}
{"level":"info","message":{"__v":0,"_id":"64be57b3972dd23da97d0bc3","email":"gital@mail.com","gender":"female","genreChoice":"Techno","isAdmin":false,"name":"gital","phoneNumber":"0525557313","time":"2023-09-10T10:44:30.166Z"},"timestamp":"2023-09-10T10:59:17.432Z"}
{"level":"info","message":"Updated user gital with genre choice Trance at time Sun Sep 10 2023 13:59:22 GMT+0300 (Israel Daylight Time)","timestamp":"2023-09-10T10:59:22.565Z"}
{"level":"info","message":{"__v":0,"_id":"64be57b3972dd23da97d0bc3","email":"gital@mail.com","gender":"female","genreChoice":"Trance","isAdmin":false,"name":"gital","phoneNumber":"0525557313","time":"2023-09-10T10:59:22.563Z"},"timestamp":"2023-09-10T11:00:38.849Z"}
{"level":"info","message":{"__v":0,"_id":"64be57b3972dd23da97d0bc3","email":"gital@mail.com","gender":"female","genreChoice":"Trance","isAdmin":false,"name":"gital","phoneNumber":"0525557313","time":"2023-09-10T10:59:22.563Z"},"timestamp":"2023-09-10T11:00:38.855Z"}
{"level":"info","message":"Updated user gital with genre choice Latin at time Sun Sep 10 2023 14:00:49 GMT+0300 (Israel Daylight Time)","timestamp":"2023-09-10T11:00:49.992Z"}
{"level":"info","message":{"__v":0,"_id":"64be57b3972dd23da97d0bc3","email":"gital@mail.com","gender":"female","genreChoice":"Latin","isAdmin":false,"name":"gital","phoneNumber":"0525557313","time":"2023-09-10T11:00:49.987Z"},"timestamp":"2023-09-10T11:20:10.981Z"}
{"level":"info","message":{"__v":0,"_id":"64be57b3972dd23da97d0bc3","email":"gital@mail.com","gender":"female","genreChoice":"Latin","isAdmin":false,"name":"gital","phoneNumber":"0525557313","time":"2023-09-10T11:00:49.987Z"},"timestamp":"2023-09-10T11:20:10.994Z"}
{"level":"info","message":"Updated user gital with genre choice Techno at time Sun Sep 10 2023 14:20:25 GMT+0300 (Israel Daylight Time)","timestamp":"2023-09-10T11:20:25.570Z"}
{"level":"info","message":{"__v":0,"_id":"64b51b0555e0f81ef70fc5da","email":"adigb92@hotmail.com","gender":"male","genreChoice":"Techno","isAdmin":true,"name":"adi gabay","phoneNumber":"0526534339","time":"2023-09-06T14:21:33.205Z"},"timestamp":"2023-09-10T11:42:42.271Z"}
{"level":"info","message":{"__v":0,"_id":"64b51b0555e0f81ef70fc5da","email":"adigb92@hotmail.com","gender":"male","genreChoice":"Techno","isAdmin":true,"name":"adi gabay","phoneNumber":"0526534339","time":"2023-09-06T14:21:33.205Z"},"timestamp":"2023-09-10T11:42:42.283Z"}
{"level":"info","message":"Updated user adi gabay with genre choice Trance at time Sun Sep 10 2023 14:42:45 GMT+0300 (Israel Daylight Time)","timestamp":"2023-09-10T11:42:45.628Z"}
{"level":"info","message":{"__v":0,"_id":"64be57b3972dd23da97d0bc3","email":"gital@mail.com","gender":"female","genreChoice":"Techno","isAdmin":false,"name":"gital","phoneNumber":"0525557313","time":"2023-09-10T11:20:25.568Z"},"timestamp":"2023-09-10T11:42:50.732Z"}
{"level":"info","message":{"__v":0,"_id":"64be57b3972dd23da97d0bc3","email":"gital@mail.com","gender":"female","genreChoice":"Techno","isAdmin":false,"name":"gital","phoneNumber":"0525557313","time":"2023-09-10T11:20:25.568Z"},"timestamp":"2023-09-10T11:42:50.734Z"}
{"level":"info","message":"Updated user gital with genre choice Israeli at time Sun Sep 10 2023 14:42:53 GMT+0300 (Israel Daylight Time)","timestamp":"2023-09-10T11:42:53.159Z"}
{"level":"info","message":{"__v":0,"_id":"64b51b0555e0f81ef70fc5da","email":"adigb92@hotmail.com","gender":"male","genreChoice":"Trance","isAdmin":true,"name":"adi gabay","phoneNumber":"0526534339","time":"2023-09-10T11:42:45.624Z"},"timestamp":"2023-09-10T12:16:46.847Z"}
{"level":"info","message":{"__v":0,"_id":"64b51b0555e0f81ef70fc5da","email":"adigb92@hotmail.com","gender":"male","genreChoice":"Trance","isAdmin":true,"name":"adi gabay","phoneNumber":"0526534339","time":"2023-09-10T11:42:45.624Z"},"timestamp":"2023-09-10T12:16:46.850Z"}
{"level":"info","message":"Fetching genre stats...","timestamp":"2023-09-10T12:16:55.300Z"}
{"0":{"choicesByFemales":0,"choicesByMales":0,"name":"Techno","percentageDistribution":25,"totalChoices":2},"1":{"choicesByFemales":0,"choicesByMales":0,"name":"Trance","percentageDistribution":12.5,"totalChoices":1},"2":{"choicesByFemales":0,"choicesByMales":0,"name":"Hip-hop","percentageDistribution":37.5,"totalChoices":3},"3":{"choicesByFemales":0,"choicesByMales":0,"name":"Israeli","percentageDistribution":12.5,"totalChoices":1},"4":{"choicesByFemales":0,"choicesByMales":0,"name":"80s","percentageDistribution":12.5,"totalChoices":1},"level":"info","message":"Genre stats:","timestamp":"2023-09-10T12:16:55.305Z"}
{"level":"info","message":"User registered: pini glam","timestamp":"2023-09-10T12:17:57.572Z"}
{"level":"info","message":"Fetching genre stats...","timestamp":"2023-09-10T12:18:45.755Z"}
{"0":{"choicesByFemales":0,"choicesByMales":0,"name":"Techno","percentageDistribution":25,"totalChoices":2},"1":{"choicesByFemales":0,"choicesByMales":0,"name":"Trance","percentageDistribution":12.5,"totalChoices":1},"2":{"choicesByFemales":0,"choicesByMales":0,"name":"Hip-hop","percentageDistribution":37.5,"totalChoices":3},"3":{"choicesByFemales":0,"choicesByMales":0,"name":"Israeli","percentageDistribution":12.5,"totalChoices":1},"4":{"choicesByFemales":0,"choicesByMales":0,"name":"80s","percentageDistribution":12.5,"totalChoices":1},"level":"info","message":"Genre stats:","timestamp":"2023-09-10T12:18:45.757Z"}
{"level":"info","message":{"__v":0,"_id":"64be57b3972dd23da97d0bc3","email":"gital@mail.com","gender":"female","genreChoice":"Israeli","isAdmin":false,"name":"gital","phoneNumber":"0525557313","time":"2023-09-10T11:42:53.155Z"},"timestamp":"2023-09-10T12:19:14.439Z"}
{"level":"info","message":{"__v":0,"_id":"64be57b3972dd23da97d0bc3","email":"gital@mail.com","gender":"female","genreChoice":"Israeli","isAdmin":false,"name":"gital","phoneNumber":"0525557313","time":"2023-09-10T11:42:53.155Z"},"timestamp":"2023-09-10T12:19:14.440Z"}
{"level":"info","message":"Updated user gital with genre choice Techno at time Sun Sep 10 2023 15:19:27 GMT+0300 (Israel Daylight Time)","timestamp":"2023-09-10T12:19:27.946Z"}
